# JRE version: Java(TM) SE Runtime Environment (8.0_60-b27) (build 1.8.0_60-b27)
# Java VM: Java HotSpot(TM) Server VM (25.60-b23 mixed mode linux-x86 )
Heap:
 PSYoungGen      total 244224K, used 27407K [0x91ac0000, 0xa2880000, 0xa7000000)
  eden space 213248K, 0% used [0x91ac0000,0x91ac0000,0x9eb00000)
  from space 30976K, 88% used [0x9eb00000,0xa05c3f30,0xa0940000)
  to   space 29952K, 0% used [0xa0940000,0xa0940000,0xa2680000)
 ParOldGen       total 92416K, used 74963K [0x67000000, 0x6ca40000, 0x91ac0000)
  object space 92416K, 81% used [0x67000000,0x6b934c38,0x6ca40000)
 Metaspace       used 47825K, capacity 49813K, committed 49836K, reserved 50480K
GC Heap History (10 events):
Event: 1098,897 GC heap after
Heap after GC invocations=19 (full 5):
 PSYoungGen      total 196096K, used 19499K [0x91ac0000, 0xa2ac0000, 0xa7000000)
  eden space 170496K, 0% used [0x91ac0000,0x91ac0000,0x9c140000)
  from space 25600K, 76% used [0x9dc00000,0x9ef0ac48,0x9f500000)
  to   space 27392K, 0% used [0x9c140000,0x9c140000,0x9dc00000)
 ParOldGen       total 92416K, used 60342K [0x67000000, 0x6ca40000, 0x91ac0000)
  object space 92416K, 65% used [0x67000000,0x6aaed9c8,0x6ca40000)
 Metaspace       used 38671K, capacity 40235K, committed 40236K, reserved 40240K
}
Event: 1098,897 GC heap before
{Heap before GC invocations=20 (full 6):
 PSYoungGen      total 196096K, used 19499K [0x91ac0000, 0xa2ac0000, 0xa7000000)
  eden space 170496K, 0% used [0x91ac0000,0x91ac0000,0x9c140000)
  from space 25600K, 76% used [0x9dc00000,0x9ef0ac48,0x9f500000)
  to   space 27392K, 0% used [0x9c140000,0x9c140000,0x9dc00000)
 ParOldGen       total 92416K, used 60342K [0x67000000, 0x6ca40000, 0x91ac0000)
  object space 92416K, 65% used [0x67000000,0x6aaed9c8,0x6ca40000)
 Metaspace       used 38671K, capacity 40235K, committed 40236K, reserved 40240K
Event: 1099,544 GC heap after
Heap after GC invocations=20 (full 6):
 PSYoungGen      total 196096K, used 0K [0x91ac0000, 0xa2ac0000, 0xa7000000)
  eden space 170496K, 0% used [0x91ac0000,0x91ac0000,0x9c140000)
  from space 25600K, 0% used [0x9dc00000,0x9dc00000,0x9f500000)
  to   space 27392K, 0% used [0x9c140000,0x9c140000,0x9dc00000)
 ParOldGen       total 92416K, used 56842K [0x67000000, 0x6ca40000, 0x91ac0000)
  object space 92416K, 61% used [0x67000000,0x6a782960,0x6ca40000)
 Metaspace       used 38281K, capacity 39643K, committed 40236K, reserved 40240K
}
Event: 1304,626 GC heap before
{Heap before GC invocations=21 (full 6):
 PSYoungGen      total 196096K, used 170496K [0x91ac0000, 0xa2ac0000, 0xa7000000)
  eden space 170496K, 100% used [0x91ac0000,0x9c140000,0x9c140000)
  from space 25600K, 0% used [0x9dc00000,0x9dc00000,0x9f500000)
  to   space 27392K, 0% used [0x9c140000,0x9c140000,0x9dc00000)
 ParOldGen       total 92416K, used 56842K [0x67000000, 0x6ca40000, 0x91ac0000)
  object space 92416K, 61% used [0x67000000,0x6a782960,0x6ca40000)
 Metaspace       used 42312K, capacity 43947K, committed 44076K, reserved 44336K
Event: 1304,701 GC heap after
Heap after GC invocations=21 (full 6):
 PSYoungGen      total 197888K, used 22000K [0x91ac0000, 0xa2680000, 0xa7000000)
  eden space 170496K, 0% used [0x91ac0000,0x91ac0000,0x9c140000)
  from space 27392K, 80% used [0x9c140000,0x9d6bc008,0x9dc00000)
  to   space 29952K, 0% used [0xa0940000,0xa0940000,0xa2680000)
 ParOldGen       total 92416K, used 56846K [0x67000000, 0x6ca40000, 0x91ac0000)
  object space 92416K, 61% used [0x67000000,0x6a783960,0x6ca40000)
 Metaspace       used 42312K, capacity 43947K, committed 44076K, reserved 44336K
}
Event: 1311,681 GC heap before
{Heap before GC invocations=22 (full 6):
 PSYoungGen      total 197888K, used 110137K [0x91ac0000, 0xa2680000, 0xa7000000)
  eden space 170496K, 51% used [0x91ac0000,0x970d2540,0x9c140000)
  from space 27392K, 80% used [0x9c140000,0x9d6bc008,0x9dc00000)
  to   space 29952K, 0% used [0xa0940000,0xa0940000,0xa2680000)
 ParOldGen       total 92416K, used 56846K [0x67000000, 0x6ca40000, 0x91ac0000)
  object space 92416K, 61% used [0x67000000,0x6a783960,0x6ca40000)
 Metaspace       used 43503K, capacity 45259K, committed 45356K, reserved 45360K
Event: 1311,820 GC heap after
Heap after GC invocations=22 (full 6):
 PSYoungGen      total 243200K, used 20129K [0x91ac0000, 0xa2880000, 0xa7000000)
  eden space 213248K, 0% used [0x91ac0000,0x91ac0000,0x9eb00000)
  from space 29952K, 67% used [0xa0940000,0xa1ce8410,0xa2680000)
  to   space 30976K, 0% used [0x9eb00000,0x9eb00000,0xa0940000)
 ParOldGen       total 92416K, used 56850K [0x67000000, 0x6ca40000, 0x91ac0000)
  object space 92416K, 61% used [0x67000000,0x6a784960,0x6ca40000)
 Metaspace       used 43503K, capacity 45259K, committed 45356K, reserved 45360K
}
Event: 1311,820 GC heap before
{Heap before GC invocations=23 (full 7):
 PSYoungGen      total 243200K, used 20129K [0x91ac0000, 0xa2880000, 0xa7000000)
  eden space 213248K, 0% used [0x91ac0000,0x91ac0000,0x9eb00000)
  from space 29952K, 67% used [0xa0940000,0xa1ce8410,0xa2680000)
  to   space 30976K, 0% used [0x9eb00000,0x9eb00000,0xa0940000)
 ParOldGen       total 92416K, used 56850K [0x67000000, 0x6ca40000, 0x91ac0000)
  object space 92416K, 61% used [0x67000000,0x6a784960,0x6ca40000)
 Metaspace       used 43503K, capacity 45259K, committed 45356K, reserved 45360K
Event: 1312,460 GC heap after
Heap after GC invocations=23 (full 7):
 PSYoungGen      total 243200K, used 0K [0x91ac0000, 0xa2880000, 0xa7000000)
  eden space 213248K, 0% used [0x91ac0000,0x91ac0000,0x9eb00000)
  from space 29952K, 0% used [0xa0940000,0xa0940000,0xa2680000)
  to   space 30976K, 0% used [0x9eb00000,0x9eb00000,0xa0940000)
 ParOldGen       total 92416K, used 74959K [0x67000000, 0x6ca40000, 0x91ac0000)
  object space 92416K, 81% used [0x67000000,0x6b933c38,0x6ca40000)
 Metaspace       used 43503K, capacity 45259K, committed 45356K, reserved 45360K
}
Event: 1594,633 GC heap before
{Heap before GC invocations=24 (full 7):
 PSYoungGen      total 243200K, used 213248K [0x91ac0000, 0xa2880000, 0xa7000000)
  eden space 213248K, 100% used [0x91ac0000,0x9eb00000,0x9eb00000)
  from space 29952K, 0% used [0xa0940000,0xa0940000,0xa2680000)
  to   space 30976K, 0% used [0x9eb00000,0x9eb00000,0xa0940000)
 ParOldGen       total 92416K, used 74959K [0x67000000, 0x6ca40000, 0x91ac0000)
  object space 92416K, 81% used [0x67000000,0x6b933c38,0x6ca40000)
 Metaspace       used 47825K, capacity 49813K, committed 49836K, reserved 50480K

